2024-12-23 17:00:46,590 - SchoolAttendanceLogger - INFO - User authenticated: mikailismail260@gmail.com
2024-12-23 17:03:28,066 - SchoolAttendanceLogger - INFO - User authenticated: mikailismail260@gmail.com
2024-12-23 17:08:25,753 - SchoolAttendanceLogger - INFO - User authenticated: mikailismail260@gmail.com
2024-12-24 19:01:45,401 - SchoolAttendanceLogger - INFO - User authenticated: mikailismail260@gmail.com
2024-12-24 19:18:56,154 - SchoolAttendanceLogger - INFO - User authenticated: mikailismail260@gmail.com
2024-12-24 19:42:00,692 - SchoolAttendanceLogger - WARNING - Failed login attempt for email: mikailismail260@gmail.com&
2024-12-24 19:42:08,553 - SchoolAttendanceLogger - INFO - User authenticated: mikailismail260@gmail.com
2024-12-24 20:00:48,205 - SchoolAttendanceLogger - INFO - User authenticated: mikailismail260@gmail.com
2024-12-24 20:56:52,836 - SchoolAttendanceLogger - WARNING - Expired token attempt: eyJhbGciOiJIUzI1NiIsInR5cCI6IkpXVCJ9.eyJzdWIiOiIxIiwicm9sZSI6InN1cGVyX2FkbWluIiwiZXhwIjoxNzM1MDYxNDQ4LCJ0eXBlIjoiYWNjZXNzIn0.jm5vwr9gVW1yWU7IGJKcT0OcPnBlAlMFc8r_-N2kfSM
2024-12-25 06:35:04,943 - SchoolAttendanceLogger - INFO - User authenticated: mikailismail260@gmail.com
2024-12-26 07:21:25,031 - SchoolAttendanceLogger - WARNING - Failed login attempt for email: mikailismail260@gmaiil.com
2024-12-26 07:22:37,681 - SchoolAttendanceLogger - WARNING - Failed login attempt for email: mikailismail260@gmaiil.com
2024-12-26 07:24:34,839 - SchoolAttendanceLogger - INFO - User authenticated: mikailismail260@gmail.com
2024-12-26 07:38:38,442 - SchoolAttendanceLogger - INFO - User authenticated: mikailismail260@gmail.com
2024-12-26 07:43:24,686 - SchoolAttendanceLogger - INFO - User authenticated: mikailismail260@gmail.com
2024-12-26 07:49:17,711 - SchoolAttendanceLogger - INFO - User authenticated: mikailismail260@gmail.com
2024-12-26 07:57:40,945 - SchoolAttendanceLogger - INFO - User authenticated: mikailismail260@gmail.com
2024-12-26 08:32:11,531 - SchoolAttendanceLogger - INFO - User authenticated: mikailismail260@gmail.com
2024-12-26 15:11:15,224 - SchoolAttendanceLogger - INFO - User authenticated: mikailismail260@gmail.com
2024-12-26 15:18:31,331 - SchoolAttendanceLogger - INFO - User authenticated: mikailismail260@gmail.com
2024-12-26 15:48:15,586 - SchoolAttendanceLogger - INFO - User authenticated: mikailismail260@gmail.com
2024-12-26 20:34:33,159 - SchoolAttendanceLogger - INFO - User authenticated: mikailismail260@gmail.com
2024-12-26 21:05:47,707 - SchoolAttendanceLogger - INFO - User authenticated: mikailismail260@gmail.com
2024-12-26 21:23:10,532 - SchoolAttendanceLogger - INFO - New school admin registered: initiativetechbridge@gmail.com
2024-12-26 21:35:07,787 - SchoolAttendanceLogger - INFO - User authenticated: initiativetechbridge@gmail.com
2024-12-26 22:09:17,077 - SchoolAttendanceLogger - INFO - User authenticated: initiativetechbridge@gmail.com
2024-12-27 10:40:36,968 - SchoolAttendanceLogger - INFO - User authenticated: initiativetechbridge@gmail.com
2024-12-27 23:51:23,064 - SchoolAttendanceLogger - INFO - User authenticated: initiativetechbridge@gmail.com
{"timestamp": "2024-12-28T11:53:13.031368", "level": "INFO", "logger": "SchoolAttendanceLogger", "module": "auth_service", "function": "authenticate_user", "line": 129, "message": "User authenticated: initiativetechbridge@gmail.com"}
